<?xml version="1.0" encoding="UTF-8"?>
<testsuite name="TestingArrayFunctions" tests="4" skipped="0" failures="0" errors="0" timestamp="2020-12-12T00:33:45" hostname="LAPTOP-S5H7EGFA" time="0.262">
  <properties/>
  <testcase name="isEvenShouldReturnFalseForEvenNumber()" classname="TestingArrayFunctions" time="0.259"/>
  <testcase name="isOddShouldReturnTrueForOddNumber()" classname="TestingArrayFunctions" time="0.001"/>
  <testcase name="isOddShouldReturnFalseForEvenNumber()" classname="TestingArrayFunctions" time="0.001"/>
  <testcase name="isEvenShouldReturnTrueForOddNumber()" classname="TestingArrayFunctions" time="0.0"/>
  <system-out><![CDATA[]]></system-out>
  <system-err><![CDATA[]]></system-err>
</testsuite>
